This is pdfTeX, Version 3.14159265-2.6-1.40.15 (TeX Live 2014/W32TeX) (preloaded format=pdflatex 2015.3.30)  28 NOV 2015 21:16
entering extended mode
 restricted \write18 enabled.
 %&-line parsing enabled.
**AngularMomentumChapter.tex
(./AngularMomentumChapter.tex
LaTeX2e <2014/05/01>
Babel <3.9l> and hyphenation patterns for 79 languages loaded.
(./llncs.cls
Document Class: llncs 2002/01/28 v2.13 
 LaTeX document class for Lecture Notes in Computer Science
(d:/texlive/2014/texmf-dist/tex/latex/base/article.cls
Document Class: article 2014/09/29 v1.4h Standard LaTeX document class
(d:/texlive/2014/texmf-dist/tex/latex/base/size10.clo
File: size10.clo 2014/09/29 v1.4h Standard LaTeX file (size option)
)
\c@part=\count79
\c@section=\count80
\c@subsection=\count81
\c@subsubsection=\count82
\c@paragraph=\count83
\c@subparagraph=\count84
\c@figure=\count85
\c@table=\count86
\abovecaptionskip=\skip41
\belowcaptionskip=\skip42
\bibindent=\dimen102
)
(d:/texlive/2014/texmf-dist/tex/latex/tools/multicol.sty
Package: multicol 2014/10/28 v1.8i multicolumn formatting (FMi)
\c@tracingmulticols=\count87
\mult@box=\box26
\multicol@leftmargin=\dimen103
\c@unbalance=\count88
\c@collectmore=\count89
\doublecol@number=\count90
\multicoltolerance=\count91
\multicolpretolerance=\count92
\full@width=\dimen104
\page@free=\dimen105
\premulticols=\dimen106
\postmulticols=\dimen107
\multicolsep=\skip43
\multicolbaselineskip=\skip44
\partial@page=\box27
\last@line=\box28
\maxbalancingoverflow=\dimen108
\mult@rightbox=\box29
\mult@grightbox=\box30
\mult@gfirstbox=\box31
\mult@firstbox=\box32
\@tempa=\box33
\@tempa=\box34
\@tempa=\box35
\@tempa=\box36
\@tempa=\box37
\@tempa=\box38
\@tempa=\box39
\@tempa=\box40
\@tempa=\box41
\@tempa=\box42
\@tempa=\box43
\@tempa=\box44
\@tempa=\box45
\@tempa=\box46
\@tempa=\box47
\@tempa=\box48
\@tempa=\box49
\c@columnbadness=\count93
\c@finalcolumnbadness=\count94
\last@try=\dimen109
\multicolovershoot=\dimen110
\multicolundershoot=\dimen111
\mult@nat@firstbox=\box50
\colbreak@box=\box51
\mc@col@check@num=\count95
)
\c@chapter=\count96
LaTeX Font Info:    Redeclaring math symbol \Gamma on input line 360.
LaTeX Font Info:    Redeclaring math symbol \Delta on input line 361.
LaTeX Font Info:    Redeclaring math symbol \Theta on input line 362.
LaTeX Font Info:    Redeclaring math symbol \Lambda on input line 363.
LaTeX Font Info:    Redeclaring math symbol \Xi on input line 364.
LaTeX Font Info:    Redeclaring math symbol \Pi on input line 365.
LaTeX Font Info:    Redeclaring math symbol \Sigma on input line 366.
LaTeX Font Info:    Redeclaring math symbol \Upsilon on input line 367.
LaTeX Font Info:    Redeclaring math symbol \Phi on input line 368.
LaTeX Font Info:    Redeclaring math symbol \Psi on input line 369.
LaTeX Font Info:    Redeclaring math symbol \Omega on input line 370.
\tocchpnum=\dimen112
\tocsecnum=\dimen113
\tocsectotal=\dimen114
\tocsubsecnum=\dimen115
\tocsubsectotal=\dimen116
\tocsubsubsecnum=\dimen117
\tocsubsubsectotal=\dimen118
\tocparanum=\dimen119
\tocparatotal=\dimen120
\tocsubparanum=\dimen121
\@tempcntc=\count97
\fnindent=\dimen122
\c@@inst=\count98
\c@@auth=\count99
\c@auco=\count100
\instindent=\dimen123
\authrun=\box52
\authorrunning=\toks14
\tocauthor=\toks15
\titrun=\box53
\titlerunning=\toks16
\toctitle=\toks17
\c@theorem=\count101
\c@case=\count102
\c@conjecture=\count103
\c@corollary=\count104
\c@definition=\count105
\c@example=\count106
\c@exercise=\count107
\c@lemma=\count108
\c@note=\count109
\c@problem=\count110
\c@property=\count111
\c@proposition=\count112
\c@question=\count113
\c@solution=\count114
\c@remark=\count115
\headlineindent=\dimen124
)
(d:/texlive/2014/texmf-dist/tex/latex/graphics/graphicx.sty
Package: graphicx 2014/10/28 v1.0g Enhanced LaTeX Graphics (DPC,SPQR)

(d:/texlive/2014/texmf-dist/tex/latex/graphics/keyval.sty
Package: keyval 2014/10/28 v1.15 key=value parser (DPC)
\KV@toks@=\toks18
)
(d:/texlive/2014/texmf-dist/tex/latex/graphics/graphics.sty
Package: graphics 2014/10/28 v1.0p Standard LaTeX Graphics (DPC,SPQR)

(d:/texlive/2014/texmf-dist/tex/latex/graphics/trig.sty
Package: trig 1999/03/16 v1.09 sin cos tan (DPC)
)
(d:/texlive/2014/texmf-dist/tex/latex/latexconfig/graphics.cfg
File: graphics.cfg 2010/04/23 v1.9 graphics configuration of TeX Live
)
Package graphics Info: Driver file: pdftex.def on input line 91.

(d:/texlive/2014/texmf-dist/tex/latex/pdftex-def/pdftex.def
File: pdftex.def 2011/05/27 v0.06d Graphics/color for pdfTeX

(d:/texlive/2014/texmf-dist/tex/generic/oberdiek/infwarerr.sty
Package: infwarerr 2010/04/08 v1.3 Providing info/warning/error messages (HO)
)
(d:/texlive/2014/texmf-dist/tex/generic/oberdiek/ltxcmds.sty
Package: ltxcmds 2011/11/09 v1.22 LaTeX kernel commands for general use (HO)
)
\Gread@gobject=\count116
))
\Gin@req@height=\dimen125
\Gin@req@width=\dimen126
)
(d:/texlive/2014/texmf-dist/tex/latex/graphics/color.sty
Package: color 2014/10/28 v1.1a Standard LaTeX Color (DPC)

(d:/texlive/2014/texmf-dist/tex/latex/latexconfig/color.cfg
File: color.cfg 2007/01/18 v1.5 color configuration of teTeX/TeXLive
)
Package color Info: Driver file: pdftex.def on input line 137.
)
(d:/texlive/2014/texmf-dist/tex/latex/amsmath/amsmath.sty
Package: amsmath 2013/01/14 v2.14 AMS math features
\@mathmargin=\skip45

For additional information on amsmath, use the `?' option.
(d:/texlive/2014/texmf-dist/tex/latex/amsmath/amstext.sty
Package: amstext 2000/06/29 v2.01

(d:/texlive/2014/texmf-dist/tex/latex/amsmath/amsgen.sty
File: amsgen.sty 1999/11/30 v2.0
\@emptytoks=\toks19
\ex@=\dimen127
))
(d:/texlive/2014/texmf-dist/tex/latex/amsmath/amsbsy.sty
Package: amsbsy 1999/11/29 v1.2d
\pmbraise@=\dimen128
)
(d:/texlive/2014/texmf-dist/tex/latex/amsmath/amsopn.sty
Package: amsopn 1999/12/14 v2.01 operator names
)
\inf@bad=\count117
LaTeX Info: Redefining \frac on input line 210.
\uproot@=\count118
\leftroot@=\count119
LaTeX Info: Redefining \overline on input line 306.
\classnum@=\count120
\DOTSCASE@=\count121
LaTeX Info: Redefining \ldots on input line 378.
LaTeX Info: Redefining \dots on input line 381.
LaTeX Info: Redefining \cdots on input line 466.
\Mathstrutbox@=\box54
\strutbox@=\box55
\big@size=\dimen129
LaTeX Font Info:    Redeclaring font encoding OML on input line 566.
LaTeX Font Info:    Redeclaring font encoding OMS on input line 567.


Package amsmath Warning: Unable to redefine math accent \vec.

\macc@depth=\count122
\c@MaxMatrixCols=\count123
\dotsspace@=\muskip10
\c@parentequation=\count124
\dspbrk@lvl=\count125
\tag@help=\toks20
\row@=\count126
\column@=\count127
\maxfields@=\count128
\andhelp@=\toks21
\eqnshift@=\dimen130
\alignsep@=\dimen131
\tagshift@=\dimen132
\tagwidth@=\dimen133
\totwidth@=\dimen134
\lineht@=\dimen135
\@envbody=\toks22
\multlinegap=\skip46
\multlinetaggap=\skip47
\mathdisplay@stack=\toks23
LaTeX Info: Redefining \[ on input line 2665.
LaTeX Info: Redefining \] on input line 2666.
) (d:/texlive/2014/texmf-dist/tex/latex/amsfonts/amssymb.sty
Package: amssymb 2013/01/14 v3.01 AMS font symbols

(d:/texlive/2014/texmf-dist/tex/latex/amsfonts/amsfonts.sty
Package: amsfonts 2013/01/14 v3.01 Basic AMSFonts support
\symAMSa=\mathgroup4
\symAMSb=\mathgroup5
LaTeX Font Info:    Overwriting math alphabet `\mathfrak' in version `bold'
(Font)                  U/euf/m/n --> U/euf/b/n on input line 106.
))
(d:/texlive/2014/texmf-dist/tex/latex/tools/xspace.sty
Package: xspace 2014/10/28 v1.13 Space after command names (DPC,MH)
)
(d:/texlive/2014/texmf-dist/tex/latex/url/url.sty
\Urlmuskip=\muskip11
Package: url 2013/09/16  ver 3.4  Verb mode for urls, etc.
)
(d:/texlive/2014/texmf-dist/tex/latex/hyperref/hyperref.sty
Package: hyperref 2012/11/06 v6.83m Hypertext links for LaTeX

(d:/texlive/2014/texmf-dist/tex/generic/oberdiek/hobsub-hyperref.sty
Package: hobsub-hyperref 2012/05/28 v1.13 Bundle oberdiek, subset hyperref (HO)


(d:/texlive/2014/texmf-dist/tex/generic/oberdiek/hobsub-generic.sty
Package: hobsub-generic 2012/05/28 v1.13 Bundle oberdiek, subset generic (HO)
Package: hobsub 2012/05/28 v1.13 Construct package bundles (HO)
Package hobsub Info: Skipping package `infwarerr' (already loaded).
Package hobsub Info: Skipping package `ltxcmds' (already loaded).
Package: ifluatex 2010/03/01 v1.3 Provides the ifluatex switch (HO)
Package ifluatex Info: LuaTeX not detected.
Package: ifvtex 2010/03/01 v1.5 Detect VTeX and its facilities (HO)
Package ifvtex Info: VTeX not detected.
Package: intcalc 2007/09/27 v1.1 Expandable calculations with integers (HO)
Package: ifpdf 2011/01/30 v2.3 Provides the ifpdf switch (HO)
Package ifpdf Info: pdfTeX in PDF mode is detected.
Package: etexcmds 2011/02/16 v1.5 Avoid name clashes with e-TeX commands (HO)
Package etexcmds Info: Could not find \expanded.
(etexcmds)             That can mean that you are not using pdfTeX 1.50 or
(etexcmds)             that some package has redefined \expanded.
(etexcmds)             In the latter case, load this package earlier.
Package: kvsetkeys 2012/04/25 v1.16 Key value parser (HO)
Package: kvdefinekeys 2011/04/07 v1.3 Define keys (HO)
Package: pdftexcmds 2011/11/29 v0.20 Utility functions of pdfTeX for LuaTeX (HO
)
Package pdftexcmds Info: LuaTeX not detected.
Package pdftexcmds Info: \pdf@primitive is available.
Package pdftexcmds Info: \pdf@ifprimitive is available.
Package pdftexcmds Info: \pdfdraftmode found.
Package: pdfescape 2011/11/25 v1.13 Implements pdfTeX's escape features (HO)
Package: bigintcalc 2012/04/08 v1.3 Expandable calculations on big integers (HO
)
Package: bitset 2011/01/30 v1.1 Handle bit-vector datatype (HO)
Package: uniquecounter 2011/01/30 v1.2 Provide unlimited unique counter (HO)
)
Package hobsub Info: Skipping package `hobsub' (already loaded).
Package: letltxmacro 2010/09/02 v1.4 Let assignment for LaTeX macros (HO)
Package: hopatch 2012/05/28 v1.2 Wrapper for package hooks (HO)
Package: xcolor-patch 2011/01/30 xcolor patch
Package: atveryend 2011/06/30 v1.8 Hooks at the very end of document (HO)
Package atveryend Info: \enddocument detected (standard20110627).
Package: atbegshi 2011/10/05 v1.16 At begin shipout hook (HO)
Package: refcount 2011/10/16 v3.4 Data extraction from label references (HO)
Package: hycolor 2011/01/30 v1.7 Color options for hyperref/bookmark (HO)
)
(d:/texlive/2014/texmf-dist/tex/generic/ifxetex/ifxetex.sty
Package: ifxetex 2010/09/12 v0.6 Provides ifxetex conditional
)
(d:/texlive/2014/texmf-dist/tex/latex/oberdiek/auxhook.sty
Package: auxhook 2011/03/04 v1.3 Hooks for auxiliary files (HO)
)
(d:/texlive/2014/texmf-dist/tex/latex/oberdiek/kvoptions.sty
Package: kvoptions 2011/06/30 v3.11 Key value format for package options (HO)
)
\@linkdim=\dimen136
\Hy@linkcounter=\count129
\Hy@pagecounter=\count130

(d:/texlive/2014/texmf-dist/tex/latex/hyperref/pd1enc.def
File: pd1enc.def 2012/11/06 v6.83m Hyperref: PDFDocEncoding definition (HO)
)
\Hy@SavedSpaceFactor=\count131

(d:/texlive/2014/texmf-dist/tex/latex/latexconfig/hyperref.cfg
File: hyperref.cfg 2002/06/06 v1.2 hyperref configuration of TeXLive
)
Package hyperref Info: Hyper figures OFF on input line 4443.
Package hyperref Info: Link nesting OFF on input line 4448.
Package hyperref Info: Hyper index ON on input line 4451.
Package hyperref Info: Plain pages OFF on input line 4458.
Package hyperref Info: Backreferencing OFF on input line 4463.
Package hyperref Info: Implicit mode ON; LaTeX internals redefined.
Package hyperref Info: Bookmarks ON on input line 4688.
\c@Hy@tempcnt=\count132
LaTeX Info: Redefining \url on input line 5041.
\XeTeXLinkMargin=\dimen137
\Fld@menulength=\count133
\Field@Width=\dimen138
\Fld@charsize=\dimen139
Package hyperref Info: Hyper figures OFF on input line 6295.
Package hyperref Info: Link nesting OFF on input line 6300.
Package hyperref Info: Hyper index ON on input line 6303.
Package hyperref Info: backreferencing OFF on input line 6310.
Package hyperref Info: Link coloring OFF on input line 6315.
Package hyperref Info: Link coloring with OCG OFF on input line 6320.
Package hyperref Info: PDF/A mode OFF on input line 6325.
LaTeX Info: Redefining \ref on input line 6365.
LaTeX Info: Redefining \pageref on input line 6369.
\Hy@abspage=\count134
\c@Item=\count135
\c@Hfootnote=\count136
)

Package hyperref Message: Driver (autodetected): hpdftex.

(d:/texlive/2014/texmf-dist/tex/latex/hyperref/hpdftex.def
File: hpdftex.def 2012/11/06 v6.83m Hyperref driver for pdfTeX
\Fld@listcount=\count137
\c@bookmark@seq@number=\count138

(d:/texlive/2014/texmf-dist/tex/latex/oberdiek/rerunfilecheck.sty
Package: rerunfilecheck 2011/04/15 v1.7 Rerun checks for auxiliary files (HO)
Package uniquecounter Info: New unique counter `rerunfilecheck' on input line 2
82.
)
\Hy@SectionHShift=\skip48
)
(d:/texlive/2014/texmf-dist/tex/latex/cite/cite.sty
LaTeX Info: Redefining \cite on input line 302.
LaTeX Info: Redefining \nocite on input line 332.
Package: cite 2015/02/27  v 5.5
)
(d:/texlive/2014/texmf-dist/tex/latex/graphics/epsfig.sty
Package: epsfig 1999/02/16 v1.7a (e)psfig emulation (SPQR)
\epsfxsize=\dimen140
\epsfysize=\dimen141
)
(d:/texlive/2014/texmf-dist/tex/latex/subfigure/subfigure.sty
Package: subfigure 2002/03/15 v2.1.5 subfigure package
\subfigtopskip=\skip49
\subfigcapskip=\skip50
\subfigcaptopadj=\dimen142
\subfigbottomskip=\skip51
\subfigcapmargin=\dimen143
\subfiglabelskip=\skip52
\c@subfigure=\count139
\c@lofdepth=\count140
\c@subtable=\count141
\c@lotdepth=\count142

****************************************
* Local config file subfigure.cfg used *
****************************************
(d:/texlive/2014/texmf-dist/tex/latex/subfigure/subfigure.cfg)
\subfig@top=\skip53
\subfig@bottom=\skip54
)
(d:/texlive/2014/texmf-dist/tex/latex/fancybox/fancybox.sty
Package: fancybox 2010/05/15 1.4

Style option: `fancybox' v1.4 <2010/05/15> (tvz)
\@fancybox=\box56
\shadowsize=\dimen144
\@Sbox=\box57
\do@VerbBox=\toks24
\the@fancyput=\toks25
\this@fancyput=\toks26
\EndVerbatimTokens=\toks27
\Verbatim@Outfile=\write3
\Verbatim@Infile=\read1
) (d:/texlive/2014/texmf-dist/tex/latex/algorithms/algorithmic.sty
Package: algorithmic 2009/08/24 v0.1 Document Style `algorithmic'

(d:/texlive/2014/texmf-dist/tex/latex/base/ifthen.sty
Package: ifthen 2014/09/29 v1.1c Standard LaTeX ifthen package (DPC)
)
\c@ALC@unique=\count143
\c@ALC@line=\count144
\c@ALC@rem=\count145
\c@ALC@depth=\count146
\ALC@tlm=\skip55
\algorithmicindent=\skip56
)
(d:/texlive/2014/texmf-dist/tex/latex/breqn/mathstyle.sty
Package: mathstyle 2014/06/10 v0.90a Tracking mathstyle implicitly
LaTeX Info: Redefining \displaystyle on input line 82.
LaTeX Info: Redefining \textstyle on input line 84.
LaTeX Info: Redefining \scriptstyle on input line 86.
LaTeX Info: Redefining \scriptscriptstyle on input line 88.
LaTeX Info: Redefining \genfrac on input line 122.
)
(d:/texlive/2014/texmf-dist/tex/latex/tools/tabularx.sty
Package: tabularx 2014/10/28 v2.10 `tabularx' package (DPC)

(d:/texlive/2014/texmf-dist/tex/latex/tools/array.sty
Package: array 2014/10/28 v2.4c Tabular extension package (FMi)
\col@sep=\dimen145
\extrarowheight=\dimen146
\NC@list=\toks28
\extratabsurround=\skip57
\backup@length=\skip58
)
\TX@col@width=\dimen147
\TX@old@table=\dimen148
\TX@old@col=\dimen149
\TX@target=\dimen150
\TX@delta=\dimen151
\TX@cols=\count147
\TX@ftn=\toks29
)
(d:/texlive/2014/texmf-dist/tex/latex/multirow/multirow.sty
\bigstrutjot=\dimen152
)
(./AngularMomentumChapter.aux)
\openout1 = `AngularMomentumChapter.aux'.

LaTeX Font Info:    Checking defaults for OML/cmm/m/it on input line 442.
LaTeX Font Info:    ... okay on input line 442.
LaTeX Font Info:    Checking defaults for T1/cmr/m/n on input line 442.
LaTeX Font Info:    ... okay on input line 442.
LaTeX Font Info:    Checking defaults for OT1/cmr/m/n on input line 442.
LaTeX Font Info:    ... okay on input line 442.
LaTeX Font Info:    Checking defaults for OMS/cmsy/m/n on input line 442.
LaTeX Font Info:    ... okay on input line 442.
LaTeX Font Info:    Checking defaults for OMX/cmex/m/n on input line 442.
LaTeX Font Info:    ... okay on input line 442.
LaTeX Font Info:    Checking defaults for U/cmr/m/n on input line 442.
LaTeX Font Info:    ... okay on input line 442.
LaTeX Font Info:    Checking defaults for PD1/pdf/m/n on input line 442.
LaTeX Font Info:    ... okay on input line 442.

(d:/texlive/2014/texmf-dist/tex/context/base/supp-pdf.mkii
[Loading MPS to PDF converter (version 2006.09.02).]
\scratchcounter=\count148
\scratchdimen=\dimen153
\scratchbox=\box58
\nofMPsegments=\count149
\nofMParguments=\count150
\everyMPshowfont=\toks30
\MPscratchCnt=\count151
\MPscratchDim=\dimen154
\MPnumerator=\count152
\makeMPintoPDFobject=\count153
\everyMPtoPDFconversion=\toks31
) (d:/texlive/2014/texmf-dist/tex/latex/oberdiek/epstopdf-base.sty
Package: epstopdf-base 2010/02/09 v2.5 Base part for package epstopdf

(d:/texlive/2014/texmf-dist/tex/latex/oberdiek/grfext.sty
Package: grfext 2010/08/19 v1.1 Manage graphics extensions (HO)
)
Package grfext Info: Graphics extension search list:
(grfext)             [.png,.pdf,.jpg,.mps,.jpeg,.jbig2,.jb2,.PNG,.PDF,.JPG,.JPE
G,.JBIG2,.JB2,.eps]
(grfext)             \AppendGraphicsExtensions on input line 452.

(d:/texlive/2014/texmf-dist/tex/latex/latexconfig/epstopdf-sys.cfg
File: epstopdf-sys.cfg 2010/07/13 v1.3 Configuration of (r)epstopdf for TeX Liv
e
))
\AtBeginShipoutBox=\box59
Package hyperref Info: Link coloring OFF on input line 442.

(d:/texlive/2014/texmf-dist/tex/latex/hyperref/nameref.sty
Package: nameref 2012/10/27 v2.43 Cross-referencing by name of section

(d:/texlive/2014/texmf-dist/tex/generic/oberdiek/gettitlestring.sty
Package: gettitlestring 2010/12/03 v1.4 Cleanup title references (HO)
)
\c@section@level=\count154
)
LaTeX Info: Redefining \ref on input line 442.
LaTeX Info: Redefining \pageref on input line 442.
LaTeX Info: Redefining \nameref on input line 442.

(./AngularMomentumChapter.out) (./AngularMomentumChapter.out)
\@outlinefile=\write4
\openout4 = `AngularMomentumChapter.out'.

LaTeX Font Info:    Try loading font information for U+msa on input line 457.

(d:/texlive/2014/texmf-dist/tex/latex/amsfonts/umsa.fd
File: umsa.fd 2013/01/14 v3.01 AMS symbols A
)
LaTeX Font Info:    Try loading font information for U+msb on input line 457.

(d:/texlive/2014/texmf-dist/tex/latex/amsfonts/umsb.fd
File: umsb.fd 2013/01/14 v3.01 AMS symbols B
) [1

{d:/texlive/2014/texmf-var/fonts/map/pdftex/updmap/pdftex.map}]
<Figures/fig1.pdf, id=29, 355.54276pt x 338.30984pt>
File: Figures/fig1.pdf Graphic file (type pdf)
 <use Figures/fig1.pdf>
Package pdftex.def Info: Figures/fig1.pdf used on input line 561.
(pdftex.def)             Requested size: 144.54pt x 137.53612pt.

[2 <./Figures/fig1.pdf, page is rotated 90 degrees>]
Overfull \hbox (9.2068pt too wide) in paragraph at lines 610--616
\OT1/cmr/m/n/10 and the $6\OML/cmm/m/it/10 N \OMS/cmsy/m/n/10 ^^B \OT1/cmr/m/n/
10 6\OML/cmm/m/it/10 N$ \OT1/cmr/m/n/10 sys-tem in-er-tia ma-trix is de-fined a
s $[] = [] []  \OML/cmm/m/it/10 :$ 
 []

<Figures/bop1.pdf, id=64, 447.55165pt x 436.79648pt>
File: Figures/bop1.pdf Graphic file (type pdf)
 <use Figures/bop1.pdf>
Package pdftex.def Info: Figures/bop1.pdf used on input line 655.
(pdftex.def)             Requested size: 216.81pt x 211.59943pt.


LaTeX Warning: `h' float specifier changed to `ht'.

[3] [4 <./Figures/bop1.pdf>]
<Figures/one2one_new_line.pdf, id=115, 628.57436pt x 490.6105pt>
File: Figures/one2one_new_line.pdf Graphic file (type pdf)

<use Figures/one2one_new_line.pdf>
Package pdftex.def Info: Figures/one2one_new_line.pdf used on input line 841.
(pdftex.def)             Requested size: 208.27623pt x 162.56073pt.


LaTeX Warning: `h' float specifier changed to `ht'.

[5]
Overfull \hbox (5.51587pt too wide) in paragraph at lines 900--909
\OT1/cmr/m/n/10 flex con-trollers [[]19[]]. In this sec-tion we fo-cus on the r
e-search rel-e-vant to momentum-
 []

[6 <./Figures/one2one_new_line.pdf>] [7]

pdfTeX warning: pdflatex.exe (file ./Figures/lkpf-diagram-LIPM.pdf): PDF inclus
ion: found PDF version <1.6>, but at most version <1.5> allowed
<Figures/lkpf-diagram-LIPM.pdf, id=279, 126.4725pt x 126.4725pt>
File: Figures/lkpf-diagram-LIPM.pdf Graphic file (type pdf)

<use Figures/lkpf-diagram-LIPM.pdf>
Package pdftex.def Info: Figures/lkpf-diagram-LIPM.pdf used on input line 1000.

(pdftex.def)             Requested size: 45.12775pt x 45.12866pt.


pdfTeX warning: pdflatex.exe (file ./Figures/lkpf-diagram-resolvedMomentum.pdf)
: PDF inclusion: found PDF version <1.6>, but at most version <1.5> allowed
<Figures/lkpf-diagram-resolvedMomentum.pdf, id=280, 126.4725pt x 126.4725pt>
File: Figures/lkpf-diagram-resolvedMomentum.pdf Graphic file (type pdf)

<use Figures/lkpf-diagram-resolvedMomentum.pdf>
Package pdftex.def Info: Figures/lkpf-diagram-resolvedMomentum.pdf used on inpu
t line 1002.
(pdftex.def)             Requested size: 45.12775pt x 45.12866pt.


pdfTeX warning: pdflatex.exe (file ./Figures/lkpf-diagram-maccietto.pdf): PDF i
nclusion: found PDF version <1.6>, but at most version <1.5> allowed
<Figures/lkpf-diagram-maccietto.pdf, id=281, 126.4725pt x 126.4725pt>
File: Figures/lkpf-diagram-maccietto.pdf Graphic file (type pdf)

<use Figures/lkpf-diagram-maccietto.pdf>
Package pdftex.def Info: Figures/lkpf-diagram-maccietto.pdf used on input line 
1004.
(pdftex.def)             Requested size: 45.12775pt x 45.12866pt.


pdfTeX warning: pdflatex.exe (file ./Figures/lkpf-diagram-LeeGoswami.pdf): PDF 
inclusion: found PDF version <1.6>, but at most version <1.5> allowed
<Figures/lkpf-diagram-LeeGoswami.pdf, id=282, 225.84375pt x 126.4725pt>
File: Figures/lkpf-diagram-LeeGoswami.pdf Graphic file (type pdf)

<use Figures/lkpf-diagram-LeeGoswami.pdf>
Package pdftex.def Info: Figures/lkpf-diagram-LeeGoswami.pdf used on input line
 1006.
(pdftex.def)             Requested size: 79.83693pt x 44.70988pt.

<Figures/diagram-short.pdf, id=285, 542.025pt x 198.7425pt>
File: Figures/diagram-short.pdf Graphic file (type pdf)

<use Figures/diagram-short.pdf>
Package pdftex.def Info: Figures/diagram-short.pdf used on input line 1045.
(pdftex.def)             Requested size: 242.98541pt x 89.09364pt.


LaTeX Warning: `h' float specifier changed to `ht'.

[8 <./Figures/lkpf-diagram-LIPM.pdf> <./Figures/lkpf-diagram-resolvedMomentum.p
df

pdfTeX warning: pdflatex.exe (file ./Figures/lkpf-diagram-resolvedMomentum.pdf)
: PDF inclusion: multiple pdfs with page group included in a single page
> <./Figures/lkpf-diagram-maccietto.pdf

pdfTeX warning: pdflatex.exe (file ./Figures/lkpf-diagram-maccietto.pdf): PDF i
nclusion: multiple pdfs with page group included in a single page
> <./Figures/lkpf-diagram-LeeGoswami.pdf

pdfTeX warning: pdflatex.exe (file ./Figures/lkpf-diagram-LeeGoswami.pdf): PDF 
inclusion: multiple pdfs with page group included in a single page
>] [9 <./Figures/diagram-short.pdf>] [10]
<Figures/two_cases_new.pdf, id=496, 668.4975pt x 343.2825pt>
File: Figures/two_cases_new.pdf Graphic file (type pdf)

<use Figures/two_cases_new.pdf>
Package pdftex.def Info: Figures/two_cases_new.pdf used on input line 1269.
(pdftex.def)             Requested size: 208.27623pt x 106.95074pt.


LaTeX Warning: `h' float specifier changed to `ht'.

[11] [12 <./Figures/two_cases_new.pdf>]
<Figures/double_support.pdf, id=572, 433.62pt x 298.11375pt>
File: Figures/double_support.pdf Graphic file (type pdf)

<use Figures/double_support.pdf>
Package pdftex.def Info: Figures/double_support.pdf used on input line 1375.
(pdftex.def)             Requested size: 242.98541pt x 167.05173pt.


LaTeX Warning: `h' float specifier changed to `ht'.

<Figures/foot_new.pdf, id=574, 686.565pt x 379.4175pt>
File: Figures/foot_new.pdf Graphic file (type pdf)

<use Figures/foot_new.pdf>
Package pdftex.def Info: Figures/foot_new.pdf used on input line 1395.
(pdftex.def)             Requested size: 242.98541pt x 134.2802pt.
 [13] [14 <./Figures/double_support.pdf>] [15 <./Figures/foot_new.pdf>] [16] [1
7] [18] (./AngularMomentumChapter.bbl [19] [20]
[21] [22]
Underfull \hbox (badness 10000) in paragraph at lines 298--303
[]\OT1/cmr/m/n/10 M.I.A. Lourakis.  lev-mar: Levenberg-marquardt non-lin-
 []


Underfull \hbox (badness 10000) in paragraph at lines 298--303
\OT1/cmr/m/n/10 ear least squares al-go-rithms in C/C++.  [web page]
 []

)
Package atveryend Info: Empty hook `BeforeClearDocument' on input line 1767.
 [23]
Package atveryend Info: Empty hook `AfterLastShipout' on input line 1767.
 (./AngularMomentumChapter.aux)
Package atveryend Info: Executing hook `AtVeryEndDocument' on input line 1767.
Package atveryend Info: Executing hook `AtEndAfterFileList' on input line 1767.

Package rerunfilecheck Info: File `AngularMomentumChapter.out' has not changed.

(rerunfilecheck)             Checksum: D41D8CD98F00B204E9800998ECF8427E;0.


LaTeX Warning: Label(s) may have changed. Rerun to get cross-references right.

Package atveryend Info: Empty hook `AtVeryVeryEnd' on input line 1767.
 ) 
Here is how much of TeX's memory you used:
 7790 strings out of 493109
 105993 string characters out of 6138587
 214655 words of memory out of 5000000
 10961 multiletter control sequences out of 15000+600000
 15069 words of font info for 56 fonts, out of 8000000 for 9000
 1141 hyphenation exceptions out of 8191
 29i,22n,26p,1170b,413s stack positions out of 5000i,500n,10000p,200000b,80000s
<d:/texlive/2014/texmf-dist/fonts/type1/public/amsfonts/cm/cmbx10.pfb><d:/tex
live/2014/texmf-dist/fonts/type1/public/amsfonts/cm/cmbx12.pfb><d:/texlive/2014
/texmf-dist/fonts/type1/public/amsfonts/cm/cmbx9.pfb><d:/texlive/2014/texmf-dis
t/fonts/type1/public/amsfonts/cm/cmcsc10.pfb><d:/texlive/2014/texmf-dist/fonts/
type1/public/amsfonts/cm/cmex10.pfb><d:/texlive/2014/texmf-dist/fonts/type1/pub
lic/amsfonts/cmextra/cmex9.pfb><d:/texlive/2014/texmf-dist/fonts/type1/public/a
msfonts/cm/cmmi10.pfb><d:/texlive/2014/texmf-dist/fonts/type1/public/amsfonts/c
m/cmmi5.pfb><d:/texlive/2014/texmf-dist/fonts/type1/public/amsfonts/cm/cmmi6.pf
b><d:/texlive/2014/texmf-dist/fonts/type1/public/amsfonts/cm/cmmi7.pfb><d:/texl
ive/2014/texmf-dist/fonts/type1/public/amsfonts/cm/cmmi9.pfb><d:/texlive/2014/t
exmf-dist/fonts/type1/public/amsfonts/cm/cmmib10.pfb><d:/texlive/2014/texmf-dis
t/fonts/type1/public/amsfonts/cmextra/cmmib6.pfb><d:/texlive/2014/texmf-dist/fo
nts/type1/public/amsfonts/cmextra/cmmib9.pfb><d:/texlive/2014/texmf-dist/fonts/
type1/public/amsfonts/cm/cmr10.pfb><d:/texlive/2014/texmf-dist/fonts/type1/publ
ic/amsfonts/cm/cmr6.pfb><d:/texlive/2014/texmf-dist/fonts/type1/public/amsfonts
/cm/cmr7.pfb><d:/texlive/2014/texmf-dist/fonts/type1/public/amsfonts/cm/cmr9.pf
b><d:/texlive/2014/texmf-dist/fonts/type1/public/amsfonts/cm/cmsy10.pfb><d:/tex
live/2014/texmf-dist/fonts/type1/public/amsfonts/cm/cmsy6.pfb><d:/texlive/2014/
texmf-dist/fonts/type1/public/amsfonts/cm/cmsy7.pfb><d:/texlive/2014/texmf-dist
/fonts/type1/public/amsfonts/cm/cmsy9.pfb><d:/texlive/2014/texmf-dist/fonts/typ
e1/public/amsfonts/cm/cmti10.pfb><d:/texlive/2014/texmf-dist/fonts/type1/public
/amsfonts/cm/cmtt10.pfb><d:/texlive/2014/texmf-dist/fonts/type1/public/amsfonts
/symbols/msbm10.pfb>
Output written on AngularMomentumChapter.pdf (23 pages, 1015956 bytes).
PDF statistics:
 951 PDF objects out of 1000 (max. 8388607)
 758 compressed objects within 8 object streams
 164 named destinations out of 1000 (max. 500000)
 56 words of extra memory for PDF output out of 10000 (max. 10000000)

